Colorfull Ball 3D/Library/Bee/Android/Prj/Mono2x/Gradle/launcher/build/intermediates/manifest_merge_blame_file/release/manifest-merger-blame-release-report.txt
1<?xml version="1.0" encoding="utf-8"?>
2<manifest xmlns:android="http://schemas.android.com/apk/res/android"
3    package="com.Kardesh.ColorfulBall3D"
4    android:installLocation="preferExternal"
5    android:versionCode="1"
6    android:versionName="0.0.1 ALPHA" >
7
8    <uses-sdk
9        android:minSdkVersion="22"
9-->src\main\AndroidManifest.xml
10        android:targetSdkVersion="30" />
10-->src\main\AndroidManifest.xml
11
12    <supports-screens
12-->src\main\AndroidManifest.xml:3:3-163
13        android:anyDensity="true"
13-->src\main\AndroidManifest.xml:3:135-160
14        android:largeScreens="true"
14-->src\main\AndroidManifest.xml:3:78-105
15        android:normalScreens="true"
15-->src\main\AndroidManifest.xml:3:49-77
16        android:smallScreens="true"
16-->src\main\AndroidManifest.xml:3:21-48
17        android:xlargeScreens="true" />
17-->src\main\AndroidManifest.xml:3:106-134
18
19    <uses-feature android:glEsVersion="0x00030000" />
19-->[:unityLibrary] AndroidManifest.xml:12:5-54
19-->[:unityLibrary] AndroidManifest.xml:12:19-51
20    <uses-feature
20-->[:unityLibrary] AndroidManifest.xml:13:5-15:36
21        android:name="android.hardware.vulkan.version"
21-->[:unityLibrary] AndroidManifest.xml:14:9-55
22        android:required="false" />
22-->[:unityLibrary] AndroidManifest.xml:15:9-33
23
24    <uses-permission android:name="android.permission.INTERNET" />
24-->[:unityLibrary] AndroidManifest.xml:17:5-67
24-->[:unityLibrary] AndroidManifest.xml:17:22-64
25    <uses-permission android:name="android.permission.VIBRATE" />
25-->[:unityLibrary] AndroidManifest.xml:18:5-66
25-->[:unityLibrary] AndroidManifest.xml:18:22-63
26    <uses-permission android:name="android.permission.ACCESS_NETWORK_STATE" />
26-->[:unityLibrary] AndroidManifest.xml:19:5-79
26-->[:unityLibrary] AndroidManifest.xml:19:22-76
27
28    <uses-feature
28-->[:unityLibrary] AndroidManifest.xml:21:5-23:36
29        android:name="android.hardware.touchscreen"
29-->[:unityLibrary] AndroidManifest.xml:22:9-52
30        android:required="false" />
30-->[:unityLibrary] AndroidManifest.xml:23:9-33
31    <uses-feature
31-->[:unityLibrary] AndroidManifest.xml:24:5-26:36
32        android:name="android.hardware.touchscreen.multitouch"
32-->[:unityLibrary] AndroidManifest.xml:25:9-63
33        android:required="false" />
33-->[:unityLibrary] AndroidManifest.xml:26:9-33
34    <uses-feature
34-->[:unityLibrary] AndroidManifest.xml:27:5-29:36
35        android:name="android.hardware.touchscreen.multitouch.distinct"
35-->[:unityLibrary] AndroidManifest.xml:28:9-72
36        android:required="false" />
36-->[:unityLibrary] AndroidManifest.xml:29:9-33
37
38    <uses-permission android:name="com.android.vending.BILLING" />
38-->[:billing-4.0.0:] AndroidManifest.xml:10:5-67
38-->[:billing-4.0.0:] AndroidManifest.xml:10:22-64
39
40    <application
40-->src\main\AndroidManifest.xml:4:3-83
41        android:extractNativeLibs="true"
41-->[:unityLibrary] AndroidManifest.xml:31:18-50
42        android:icon="@mipmap/app_icon"
42-->src\main\AndroidManifest.xml:4:49-80
43        android:label="@string/app_name" >
43-->src\main\AndroidManifest.xml:4:16-48
44        <activity
44-->[:unityLibrary] AndroidManifest.xml:32:9-52:20
45            android:name="com.unity3d.player.UnityPlayerActivity"
45-->[:unityLibrary] AndroidManifest.xml:33:13-66
46            android:configChanges="mcc|mnc|locale|touchscreen|keyboard|keyboardHidden|navigation|orientation|screenLayout|uiMode|screenSize|smallestScreenSize|fontScale|layoutDirection|density"
46-->[:unityLibrary] AndroidManifest.xml:34:13-194
47            android:hardwareAccelerated="false"
47-->[:unityLibrary] AndroidManifest.xml:35:13-48
48            android:launchMode="singleTask"
48-->[:unityLibrary] AndroidManifest.xml:36:13-44
49            android:resizeableActivity="false"
49-->[:unityLibrary] AndroidManifest.xml:37:13-47
50            android:screenOrientation="userPortrait"
50-->[:unityLibrary] AndroidManifest.xml:38:13-53
51            android:theme="@style/UnityThemeSelector" >
51-->[:unityLibrary] AndroidManifest.xml:39:13-54
52            <intent-filter>
52-->[:unityLibrary] AndroidManifest.xml:40:13-44:29
53                <action android:name="android.intent.action.MAIN" />
53-->[:unityLibrary] AndroidManifest.xml:41:17-69
53-->[:unityLibrary] AndroidManifest.xml:41:25-66
54
55                <category android:name="android.intent.category.LAUNCHER" />
55-->[:unityLibrary] AndroidManifest.xml:43:17-77
55-->[:unityLibrary] AndroidManifest.xml:43:27-74
56            </intent-filter>
57
58            <meta-data
58-->[:unityLibrary] AndroidManifest.xml:46:13-48:40
59                android:name="unityplayer.UnityActivity"
59-->[:unityLibrary] AndroidManifest.xml:47:17-57
60                android:value="true" />
60-->[:unityLibrary] AndroidManifest.xml:48:17-37
61            <meta-data
61-->[:unityLibrary] AndroidManifest.xml:49:13-51:40
62                android:name="android.notch_support"
62-->[:unityLibrary] AndroidManifest.xml:50:17-53
63                android:value="true" />
63-->[:unityLibrary] AndroidManifest.xml:51:17-37
64        </activity>
65
66        <meta-data
66-->[:unityLibrary] AndroidManifest.xml:54:9-56:33
67            android:name="unity.splash-mode"
67-->[:unityLibrary] AndroidManifest.xml:55:13-45
68            android:value="0" />
68-->[:unityLibrary] AndroidManifest.xml:56:13-30
69        <meta-data
69-->[:unityLibrary] AndroidManifest.xml:57:9-59:36
70            android:name="unity.splash-enable"
70-->[:unityLibrary] AndroidManifest.xml:58:13-47
71            android:value="True" />
71-->[:unityLibrary] AndroidManifest.xml:59:13-33
72        <meta-data
72-->[:unityLibrary] AndroidManifest.xml:60:9-62:36
73            android:name="unity.launch-fullscreen"
73-->[:unityLibrary] AndroidManifest.xml:61:13-51
74            android:value="True" />
74-->[:unityLibrary] AndroidManifest.xml:62:13-33
75        <meta-data
75-->[:unityLibrary] AndroidManifest.xml:63:9-65:37
76            android:name="unity.allow-resizable-window"
76-->[:unityLibrary] AndroidManifest.xml:64:13-56
77            android:value="False" />
77-->[:unityLibrary] AndroidManifest.xml:65:13-34
78        <meta-data
78-->[:unityLibrary] AndroidManifest.xml:66:9-68:50
79            android:name="notch.config"
79-->[:unityLibrary] AndroidManifest.xml:67:13-40
80            android:value="portrait|landscape" />
80-->[:unityLibrary] AndroidManifest.xml:68:13-47
81        <meta-data
81-->[:billing-4.0.0:] AndroidManifest.xml:13:9-15:37
82            android:name="com.google.android.play.billingclient.version"
82-->[:billing-4.0.0:] AndroidManifest.xml:14:13-73
83            android:value="4.0.0" />
83-->[:billing-4.0.0:] AndroidManifest.xml:15:13-34
84
85        <activity
85-->[:billing-4.0.0:] AndroidManifest.xml:17:9-21:75
86            android:name="com.android.billingclient.api.ProxyBillingActivity"
86-->[:billing-4.0.0:] AndroidManifest.xml:18:13-78
87            android:configChanges="keyboard|keyboardHidden|screenLayout|screenSize|orientation"
87-->[:billing-4.0.0:] AndroidManifest.xml:19:13-96
88            android:exported="false"
88-->[:billing-4.0.0:] AndroidManifest.xml:20:13-37
89            android:theme="@android:style/Theme.Translucent.NoTitleBar" />
89-->[:billing-4.0.0:] AndroidManifest.xml:21:13-72
90
91        <uses-library
91-->[:unityLibrary:GoogleMobileAdsPlugin.androidlib] AndroidManifest.xml:12:9-14:40
92            android:name="org.apache.http.legacy"
92-->[:unityLibrary:GoogleMobileAdsPlugin.androidlib] AndroidManifest.xml:13:13-50
93            android:required="false" />
93-->[:unityLibrary:GoogleMobileAdsPlugin.androidlib] AndroidManifest.xml:14:13-37
94
95        <meta-data
95-->[:unityLibrary:GoogleMobileAdsPlugin.androidlib] AndroidManifest.xml:16:9-18:70
96            android:name="com.google.android.gms.ads.APPLICATION_ID"
96-->[:unityLibrary:GoogleMobileAdsPlugin.androidlib] AndroidManifest.xml:17:13-69
97            android:value="ca-app-pub-3940256099942544~3347511713" />
97-->[:unityLibrary:GoogleMobileAdsPlugin.androidlib] AndroidManifest.xml:18:13-67
98    </application>
99
100</manifest>